build/app/outputs/mapping/release/mapping.txt
# compiler: R8
# compiler_version: 2.1.62
# min_api: 21
# pg_map_id: 4616e0e
# common_typos_disable
...
io.flutter.embedding.engine.dart.DartExecutor -> io.flutter.embedding.engine.f.a:
    io.flutter.embedding.engine.FlutterJNI flutterJNI -> a
    io.flutter.embedding.engine.dart.DartExecutor$IsolateServiceIdListener isolateServiceIdListener -> g
    java.lang.String isolateServiceId -> f
    io.flutter.embedding.engine.dart.DartMessenger dartMessenger -> c
    io.flutter.plugin.common.BinaryMessenger$BinaryMessageHandler isolateChannelMessageHandler -> h
    android.content.res.AssetManager assetManager -> b
    boolean isApplicationRunning -> e
    io.flutter.plugin.common.BinaryMessenger binaryMessenger -> d
    void send(java.lang.String,java.nio.ByteBuffer,io.flutter.plugin.common.BinaryMessenger$BinaryReply) -> a
    java.lang.String access$000(io.flutter.embedding.engine.dart.DartExecutor) -> b
    void setMessageHandler(java.lang.String,io.flutter.plugin.common.BinaryMessenger$BinaryMessageHandler) -> c
    java.lang.String access$002(io.flutter.embedding.engine.dart.DartExecutor,java.lang.String) -> d
    io.flutter.embedding.engine.dart.DartExecutor$IsolateServiceIdListener access$100(io.flutter.embedding.engine.dart.DartExecutor) -> e
    void executeDartEntrypoint(io.flutter.embedding.engine.dart.DartExecutor$DartEntrypoint) -> f
    java.lang.String getIsolateServiceId() -> g
    boolean isExecutingDart() -> h
    void notifyLowMemoryWarning() -> i
    void onAttachedToJNI() -> j
    void onDetachedFromJNI() -> k
io.flutter.embedding.engine.dart.DartExecutor$1 -> io.flutter.embedding.engine.f.a$a:
    io.flutter.embedding.engine.dart.DartExecutor this$0 -> a
    void onMessage(java.nio.ByteBuffer,io.flutter.plugin.common.BinaryMessenger$BinaryReply) -> a
io.flutter.embedding.engine.dart.DartExecutor$DartEntrypoint -> io.flutter.embedding.engine.f.a$b:
    java.lang.String pathToBundle -> a
    java.lang.String dartEntrypointFunctionName -> c
    java.lang.String dartEntrypointLibrary -> b
io.flutter.embedding.engine.dart.DartExecutor$DefaultBinaryMessenger -> io.flutter.embedding.engine.f.a$c:
    io.flutter.embedding.engine.dart.DartMessenger messenger -> a
    void send(java.lang.String,java.nio.ByteBuffer,io.flutter.plugin.common.BinaryMessenger$BinaryReply) -> a
    void setMessageHandler(java.lang.String,io.flutter.plugin.common.BinaryMessenger$BinaryMessageHandler) -> c
io.flutter.embedding.engine.dart.DartExecutor$IsolateServiceIdListener -> io.flutter.embedding.engine.f.a$d:
    void onIsolateServiceIdAvailable(java.lang.String) -> a
io.flutter.embedding.engine.dart.DartMessenger -> io.flutter.embedding.engine.f.b:
    io.flutter.embedding.engine.FlutterJNI flutterJNI -> a
    java.util.Map messageHandlers -> b
    java.util.Map pendingReplies -> c
    int nextReplyId -> d
    void send(java.lang.String,java.nio.ByteBuffer,io.flutter.plugin.common.BinaryMessenger$BinaryReply) -> a
    void handleMessageFromDart(java.lang.String,java.nio.ByteBuffer,int) -> b
    void setMessageHandler(java.lang.String,io.flutter.plugin.common.BinaryMessenger$BinaryMessageHandler) -> c
    void handlePlatformMessageResponse(int,java.nio.ByteBuffer) -> d
    void handleError(java.lang.Error) -> e
io.flutter.embedding.engine.dart.DartMessenger$Reply -> io.flutter.embedding.engine.f.b$a:
    io.flutter.embedding.engine.FlutterJNI flutterJNI -> a
    java.util.concurrent.atomic.AtomicBoolean done -> c
    int replyId -> b
    void reply(java.nio.ByteBuffer) -> a
io.flutter.embedding.engine.dart.PlatformMessageHandler -> io.flutter.embedding.engine.f.c:
    void handleMessageFromDart(java.lang.String,java.nio.ByteBuffer,int) -> b
    void handlePlatformMessageResponse(int,java.nio.ByteBuffer) -> d