build/app/outputs/mapping/release/usage.txt
vn.flutter_app_github_action.R$layout
vn.flutter_app_github_action.R$string
vn.flutter_app_github_action.R$integer
vn.flutter_app_github_action.R$color
vn.flutter_app_github_action.R$drawable
vn.flutter_app_github_action.R$mipmap
vn.flutter_app_github_action.R$dimen
vn.flutter_app_github_action.R$style
vn.flutter_app_github_action.R$attr
vn.flutter_app_github_action.BuildConfig
vn.flutter_app_github_action.R
vn.flutter_app_github_action.R$id
vn.flutter_app_github_action.R$styleable
...
androidx.viewpager.widget.ViewPager$ViewPositionComparator
kotlin.jvm.internal.ShortCompanionObject
kotlin.ranges.ULongRange$Companion
androidx.core.content.pm.PackageInfoCompat
kotlin.sequences.GeneratorSequence
kotlin.sequences.SequencesKt__SequenceBuilderKt$sequence$$inlined$Sequence$1
androidx.fragment.app.FragmentManagerViewModel
androidx.customview.widget.ExploreByTouchHelper
androidx.annotation.CheckResult
io.flutter.embedding.engine.systemchannels.PlatformChannel:
    private static final java.lang.String TAG
io.flutter.embedding.engine.systemchannels.PlatformViewsChannel:
    private static final java.lang.String TAG
kotlin.Suppress
kotlin.collections.GroupingKt
androidx.core.graphics.drawable.WrappedDrawableApi21
androidx.lifecycle.LiveData$AlwaysActiveObserver
kotlin.internal.RequireKotlin
androidx.core.app.ActivityManagerCompat
androidx.core.app.NotificationCompat$Action
androidx.core.graphics.TypefaceCompatBaseImpl$1
io.flutter.embedding.android.FlutterEngineConfigurator
kotlin.coroutines.experimental.CoroutineContext$Element
io.flutter.plugin.common.MethodCall:
    public java.lang.Object argument(java.lang.String)
    public boolean hasArgument(java.lang.String)
kotlin.internal.PlatformImplementations$ReflectAddSuppressedMethod
androidx.core.text.TextDirectionHeuristicsCompat$TextDirectionHeuristicLocale
kotlin.coroutines.ContinuationKt
kotlin.collections.GroupingKt__GroupingJVMKt
androidx.fragment.app.FragmentManagerState$1
androidx.arch.core.internal.SafeIterableMap:
    public java.lang.Object putIfAbsent(java.lang.Object,java.lang.Object)
    protected androidx.arch.core.internal.SafeIterableMap$Entry put(java.lang.Object,java.lang.Object)
androidx.core.content.res.ConfigurationHelper
kotlin.internal.OnlyInputTypes
kotlin.collections.ArraysKt___ArraysKt$asIterable$$inlined$Iterable$4
androidx.core.view.accessibility.AccessibilityViewCommand$ScrollToPositionArguments
kotlin.coroutines.experimental.CombinedContext$toString$1
kotlin.coroutines.experimental.SafeContinuation
kotlin.jvm.internal.EnumCompanionObject
androidx.core.app.TaskStackBuilder$SupportParentable
androidx.viewpager.widget.ViewPager
org.intellij.lang.annotations.Identifier
kotlin.internal.jdk7.JDK7PlatformImplementations
androidx.core.app.NotificationCompat$CarExtender$UnreadConversation
kotlin.ranges.ULongProgression
androidx.customview.R$id
io.flutter.embedding.engine.renderer.FlutterRenderer$ViewportMetrics:
    public static final int unsetValue
kotlin.reflect.KProperty$DefaultImpls
androidx.core.view.ViewCompat$FocusRelativeDirection
kotlin.collections.RingBuffer$iterator$1
androidx.core.app.FrameMetricsAggregator
kotlin.collections.ArraysKt___ArraysKt$withIndex$1
io.flutter.embedding.engine.FlutterEngineConnectionRegistry$FlutterEngineContentProviderPluginBinding
kotlin.coroutines.experimental.CoroutinesKt
androidx.fragment.R$drawable
androidx.core.graphics.PaintCompat
kotlin.jvm.functions.Function13
kotlin.jvm.internal.CharCompanionObject
kotlin.text.DelimitedRangesSequence
io.flutter.embedding.engine.systemchannels.RestorationChannel:
    private static final java.lang.String TAG
androidx.viewpager.R$layout
io.flutter.embedding.engine.plugins.broadcastreceiver.BroadcastReceiverAware:
    public abstract void onAttachedToBroadcastReceiver(io.flutter.embedding.engine.plugins.broadcastreceiver.BroadcastReceiverPluginBinding)
kotlin.collections.ArraysKt___ArraysKt$asSequence$$inlined$Sequence$7
kotlin.sequences.SequencesKt___SequencesKt$distinct$1
kotlin.Result$Companion
kotlin.text.CharsKt__CharJVMKt
androidx.fragment.app.FragmentManagerImpl$4
kotlin.internal.PlatformImplementations
kotlin.text.Charsets
kotlin.coroutines.ContinuationInterceptor
kotlin.jvm.internal.BooleanSpreadBuilder
kotlin.jvm.Throws
kotlin.system.ProcessKt
kotlin.jvm.internal.PropertyReference
androidx.versionedparcelable.VersionedParcel$1
kotlin.io.FilesKt__UtilsKt$copyRecursively$1
androidx.fragment.app.FragmentFactory